\o Program:		@(#)$CDS: libManager version 6.1.8 - CAT37 08/16/2019 17:05 (sjfhw025) $
\o Sub version:		sub-version  s053 
\o Arguments:		-mpssession virtuoso18956 -mpshost es-tahiti.ele.tue.nl 
\o Working Directory:	es-tahiti.ele.tue.nl:/home/dicd21/dicd21028/5LIH0
\o 64-bit offsets
\o Qt version: 		5.9.1
\o Log file is "/home/dicd21/dicd21028/5LIH0/libManager.log".
\o Opening libManager window.
\a nrResizeWindow(cdsLibManager list(1025 265 1022 796))
\a nrSetCurrentWindow(cdsLibManager)
\o changeWorkingDir("/home/dicd21/dicd21028/5LIH0") unnecessary.
\o ddSetForcedLib("") unnecessary.
\o MPS service: map window
\o Library Manager customization server connected.
\a nrResizeWindow(cdsLibManager list(2182 359 1022 796))
\a cdsLibManager->libListBox->value = "5LIH0"
\a cdsLibManager->libLineEdit->value = "5LIH0"
\a cdsLibManager->cellListBox->value = "Postproc_cell"
\a cdsLibManager->cellLineEdit->value = "Postproc_cell"
\a cdsLibManager->cellListBox->value = "Black_cell"
\a cdsLibManager->cellLineEdit->value = "Black_cell"
\a cdsLibManager->viewListBox->value = "symbol"
\a cdsLibManager->viewLineEdit->value = "symbol"
\a cdsLibManager->viewListBox->value = nil
\a cdsLibManager->viewLineEdit->value = ""
\a cdsLibManager->viewListBox->value = "symbol"
\a cdsLibManager->viewLineEdit->value = "symbol"
\o MPS request: edit design
\a nrListItemAction(cdsLibManager->gdmXTView 1 0)
\a cdsLibManager->libListBox->value = nil
\a cdsLibManager->libLineEdit->value = ""
\a cdsLibManager->cellListBox->value = nil
\a cdsLibManager->viewLineEdit->value = ""
\a cdsLibManager->viewListBox->value = nil
\a cdsLibManager->cellLineEdit->value = ""
\a cdsLibManager->libListBox->value = "5LIH0"
\a cdsLibManager->libLineEdit->value = "5LIH0"
\a cdsLibManager->cellListBox->value = "Black_cell"
\a cdsLibManager->cellLineEdit->value = "Black_cell"
\a cdsLibManager->viewListBox->value = "symbol"
\a cdsLibManager->viewLineEdit->value = "symbol"
\a cdsLibManager->viewLineEdit->value = ""
\a cdsLibManager->viewListBox->value = nil
\a cdsLibManager->viewListBox->value = "symbol"
\a cdsLibManager->viewLineEdit->value = "symbol"
\a cdsLibManager->cellListBox->value = "Buffer_cell"
\a cdsLibManager->cellLineEdit->value = "Buffer_cell"
\a cdsLibManager->viewLineEdit->value = ""
\a cdsLibManager->viewListBox->value = nil
\a cdsLibManager->viewListBox->value = "symbol"
\a cdsLibManager->viewLineEdit->value = "symbol"
\a nrSetCurrentWindow(cdsLibManager)
\a cdsLibManager->viewListBox->value = nil
\a cdsLibManager->viewLineEdit->value = ""
\a cdsLibManager->viewListBox->value = "symbol"
\a cdsLibManager->viewLineEdit->value = "symbol"
\o MPS request: edit design
\a nrListItemAction(cdsLibManager->gdmXTView 1 0)
\a cdsLibManager->cellListBox->value = "Postproc_cell"
\a cdsLibManager->cellLineEdit->value = "Postproc_cell"
\a cdsLibManager->viewLineEdit->value = ""
\a cdsLibManager->viewListBox->value = nil
\a cdsLibManager->viewListBox->value = "symbol"
\a cdsLibManager->viewLineEdit->value = "symbol"
\a nrSetCurrentWindow(cdsLibManager)
\a cdsLibManager->cellListBox->value = "Preproc_cell"
\a cdsLibManager->cellLineEdit->value = "Preproc_cell"
\a cdsLibManager->viewLineEdit->value = ""
\a cdsLibManager->viewListBox->value = nil
\a cdsLibManager->viewListBox->value = "symbol"
\a cdsLibManager->viewLineEdit->value = "symbol"
\a cdsLibManager->viewListBox->value = nil
\a cdsLibManager->viewLineEdit->value = ""
\a cdsLibManager->viewListBox->value = "symbol"
\a cdsLibManager->viewLineEdit->value = "symbol"
\o MPS request: edit design
\a nrListItemAction(cdsLibManager->gdmXTView 1 0)
\a nrSetCurrentWindow(cdsLibManager)
\a nrSetCurrentWindow(cdsLibManager)
\a nrSetCurrentWindow(cdsLibManager)
\a cdsLibManager->libListBox->value = "Project"
\a cdsLibManager->libLineEdit->value = "Project"
\a cdsLibManager->cellLineEdit->value = ""
\a cdsLibManager->cellListBox->value = nil
\a cdsLibManager->viewLineEdit->value = ""
\a cdsLibManager->viewListBox->value = nil
\a cdsLibManager->cellListBox->value = "4Bit_AdderTest"
\a cdsLibManager->cellLineEdit->value = "4Bit_AdderTest"
\a cdsLibManager->viewListBox->value = "schematic"
\a cdsLibManager->viewLineEdit->value = "schematic"
\a nrSetCurrentWindow(cdsLibManager)
\a nrResizeWindow(cdsLibManager list(2182 383 1022 772))
\a nrResizeWindow(cdsLibManager list(1639 354 1022 772))
\a nrSetCurrentWindow(cdsLibManager)
\a nrSetCurrentWindow(cdsLibManager)
\a nrResizeWindow(cdsLibManager list(1194 356 1022 772))
\a nrSetCurrentWindow(cdsLibManager)
\a nrResizeWindow(cdsLibManager list(1185 340 1022 772))
\a cdsLibManager->libListBox->value = "US_8ths"
\a cdsLibManager->libLineEdit->value = "US_8ths"
\a cdsLibManager->cellLineEdit->value = ""
\a cdsLibManager->cellListBox->value = nil
\a cdsLibManager->viewLineEdit->value = ""
\a cdsLibManager->viewListBox->value = nil
\a nrSetCurrentWindow(cdsLibManager)
\a cdsLibManager->libListBox->value = "Lab"
\a cdsLibManager->libLineEdit->value = "Lab"
\a cdsLibManager->libListBox->value = "5LIH0"
\a cdsLibManager->libLineEdit->value = "5LIH0"
\a cdsLibManager->cellListBox->value = "Black_cell"
\a cdsLibManager->cellLineEdit->value = "Black_cell"
\a cdsLibManager->viewListBox->value = "schematic"
\a cdsLibManager->viewLineEdit->value = "schematic"
\a cdsLibManager->cellListBox->value = "Buffer"
\a cdsLibManager->cellLineEdit->value = "Buffer"
\a cdsLibManager->viewLineEdit->value = ""
\a cdsLibManager->viewListBox->value = nil
\a cdsLibManager->viewListBox->value = "schematic"
\a cdsLibManager->viewLineEdit->value = "schematic"
\a cdsLibManager->viewListBox->value = "symbol"
\a cdsLibManager->viewLineEdit->value = "symbol"
\a cdsLibManager->viewListBox->value = "schematic"
\a cdsLibManager->viewLineEdit->value = "schematic"
\a cdsLibManager->viewListBox->value = nil
\a cdsLibManager->viewLineEdit->value = ""
\a cdsLibManager->viewListBox->value = "schematic"
\a cdsLibManager->viewLineEdit->value = "schematic"
\o MPS request: edit design
\a nrListItemAction(cdsLibManager->gdmXTView 0 0)
\a cdsLibManager->cellListBox->value = "AND"
\a cdsLibManager->cellLineEdit->value = "AND"
\a cdsLibManager->viewLineEdit->value = ""
\a cdsLibManager->viewListBox->value = nil
\a cdsLibManager->viewListBox->value = "schematic"
\a cdsLibManager->viewLineEdit->value = "schematic"
\a nrSetCurrentWindow(cdsLibManager)
\a cdsLibManager->cellListBox->value = "INV"
\a cdsLibManager->cellLineEdit->value = "INV"
\a cdsLibManager->viewLineEdit->value = ""
\a cdsLibManager->viewListBox->value = nil
\a cdsLibManager->viewListBox->value = "schematic"
\a cdsLibManager->viewLineEdit->value = "schematic"
\a cdsLibManager->cellListBox->value = "NAND"
\a cdsLibManager->cellLineEdit->value = "NAND"
\a cdsLibManager->viewLineEdit->value = ""
\a cdsLibManager->viewListBox->value = nil
\a cdsLibManager->viewListBox->value = "schematic"
\a cdsLibManager->viewLineEdit->value = "schematic"
\a cdsLibManager->viewListBox->value = "symbol"
\a cdsLibManager->viewLineEdit->value = "symbol"
\a cdsLibManager->cellListBox->value = "Grey_cell"
\a cdsLibManager->cellLineEdit->value = "Grey_cell"
\a cdsLibManager->viewLineEdit->value = ""
\a cdsLibManager->viewListBox->value = nil
\a cdsLibManager->viewListBox->value = "symbol"
\a cdsLibManager->viewLineEdit->value = "symbol"
\a cdsLibManager->viewListBox->value = "schematic"
\a cdsLibManager->viewLineEdit->value = "schematic"
\a cdsLibManager->cellListBox->value = "Buffer_cell"
\a cdsLibManager->cellLineEdit->value = "Buffer_cell"
\a cdsLibManager->viewLineEdit->value = ""
\a cdsLibManager->viewListBox->value = nil
\a cdsLibManager->viewListBox->value = "schematic"
\a cdsLibManager->viewLineEdit->value = "schematic"
\a cdsLibManager->cellListBox->value = "Grey_cell"
\a cdsLibManager->cellLineEdit->value = "Grey_cell"
\a cdsLibManager->viewLineEdit->value = ""
\a cdsLibManager->viewListBox->value = nil
\a cdsLibManager->viewListBox->value = "schematic"
\a cdsLibManager->viewLineEdit->value = "schematic"
\a cdsLibManager->viewListBox->value = "symbol"
\a cdsLibManager->viewLineEdit->value = "symbol"
\a cdsLibManager->viewListBox->value = "schematic"
\a cdsLibManager->viewLineEdit->value = "schematic"
\a cdsLibManager->cellListBox->value = "NAND"
\a cdsLibManager->cellLineEdit->value = "NAND"
\a cdsLibManager->viewLineEdit->value = ""
\a cdsLibManager->viewListBox->value = nil
\a cdsLibManager->viewListBox->value = "schematic"
\a cdsLibManager->viewLineEdit->value = "schematic"
\a cdsLibManager->cellListBox->value = "OR"
\a cdsLibManager->cellLineEdit->value = "OR"
\a cdsLibManager->viewLineEdit->value = ""
\a cdsLibManager->viewListBox->value = nil
\a cdsLibManager->viewListBox->value = "schematic"
\a cdsLibManager->viewLineEdit->value = "schematic"
\a nrSetCurrentWindow(cdsLibManager)
\a cdsLibManager->cellListBox->value = "Grey_cell"
\a cdsLibManager->cellLineEdit->value = "Grey_cell"
\a cdsLibManager->viewLineEdit->value = ""
\a cdsLibManager->viewListBox->value = nil
\a cdsLibManager->viewListBox->value = "schematic"
\a cdsLibManager->viewLineEdit->value = "schematic"
\a cdsLibManager->libListBox->value = "Project"
\a cdsLibManager->libLineEdit->value = "Project"
\a cdsLibManager->cellLineEdit->value = ""
\a cdsLibManager->cellListBox->value = nil
\a cdsLibManager->viewLineEdit->value = ""
\a cdsLibManager->viewListBox->value = nil
\a lmgrLogShowPopup("mainListPopup1" 4 147 2 "")
\a cdsLibManager->FileNewCVButton->value = t
\a nrSetCurrentWindow(cdsLibManager)
\a nrSetCurrentWindow(cdsLibManager)
\a cdsLibManager->cellListBox->value = "4Bit_AdderTest"
\a cdsLibManager->cellLineEdit->value = "4Bit_AdderTest"
\a cdsLibManager->viewListBox->value = "schematic"
\a cdsLibManager->viewLineEdit->value = "schematic"
\a nrSetCurrentWindow(cdsLibManager)
\a nrSetCurrentWindow(cdsLibManager)
\a nrSetWindowVisibility(cdsLibManager "hide")
\a nrResizeWindow(cdsLibManager list(0 0 1022 772))
\a nrSetCurrentWindow(cdsLibManager)
\a nrSetWindowVisibility(cdsLibManager "show")
\a nrResizeWindow(cdsLibManager list(1185 340 1022 772))
\a nrSetCurrentWindow(cdsLibManager)
\a nrSetWindowVisibility(cdsLibManager "hide")
\a _lmgrCloseIconify("cdsLibManager" 1)
\o MPS service: shutdown
\o libManager is exiting.
\a exit(0)
